<?xml version="1.0" encoding="UTF-8"?>
<testng-results ignored="0" total="1" passed="1" failed="0" skipped="0">
  <reporter-output>
  </reporter-output>
  <suite started-at="2021-10-21T06:56:44Z" name="Default suite" finished-at="2021-10-21T06:58:35Z" duration-ms="111636">
    <groups>
    </groups>
    <test started-at="2021-10-21T06:56:44Z" name="Default test" finished-at="2021-10-21T06:58:35Z" duration-ms="111636">
      <class name="Regression.Regression">
        <test-method signature="tc_01()[pri:0, instance:Regression.Regression@6cb107fd]" started-at="2021-10-21T06:56:44Z" name="tc_01" finished-at="2021-10-21T06:58:35Z" duration-ms="111576" status="PASS">
          <reporter-output>
          </reporter-output>
        </test-method> <!-- tc_01 -->
      </class> <!-- Regression.Regression -->
    </test> <!-- Default test -->
  </suite> <!-- Default suite -->
</testng-results>
